[    0.000000] Linux version 4.15.0-194-generic (buildd@lcy02-amd64-052) (gcc version 7.5.0 (Ubuntu 7.5.0-3ubuntu1~18.04)) #205-Ubuntu SMP Fri Sep 16 19:49:27 UTC 2022 (Ubuntu 4.15.0-194.205-generic 4.15.18)
[    0.000000] Command line: BOOT_IMAGE=/boot/vmlinuz-4.15.0-194-generic root=LABEL=cloudimg-rootfs ro console=tty1 console=ttyS0
[    0.000000] KERNEL supported cpus:
[    0.000000]   Intel GenuineIntel
[    0.000000]   AMD AuthenticAMD
[    0.000000]   Centaur CentaurHauls
[    0.000000] x86/fpu: Supporting XSAVE feature 0x001: 'x87 floating point registers'
[    0.000000] x86/fpu: Supporting XSAVE feature 0x002: 'SSE registers'
[    0.000000] x86/fpu: Supporting XSAVE feature 0x004: 'AVX registers'
[    0.000000] x86/fpu: xstate_offset[2]:  576, xstate_sizes[2]:  256
[    0.000000] x86/fpu: Enabled xstate features 0x7, context size is 832 bytes, using 'standard' format.
[    0.000000] e820: BIOS-provided physical RAM map:
[    0.000000] BIOS-e820: [mem 0x0000000000000000-0x000000000009fbff] usable
[    0.000000] BIOS-e820: [mem 0x000000000009fc00-0x000000000009ffff] reserved
[    0.000000] BIOS-e820: [mem 0x00000000000f0000-0x00000000000fffff] reserved
[    0.000000] BIOS-e820: [mem 0x0000000000100000-0x000000007ffeffff] usable
[    0.000000] BIOS-e820: [mem 0x000000007fff0000-0x000000007fffffff] ACPI data
[    0.000000] BIOS-e820: [mem 0x00000000fec00000-0x00000000fec00fff] reserved
[    0.000000] BIOS-e820: [mem 0x00000000fee00000-0x00000000fee00fff] reserved
[    0.000000] BIOS-e820: [mem 0x00000000fffc0000-0x00000000ffffffff] reserved
[    0.000000] NX (Execute Disable) protection: active
[    0.000000] SMBIOS 2.5 present.
[    0.000000] DMI: innotek GmbH VirtualBox/VirtualBox, BIOS VirtualBox 12/01/2006
[    0.000000] Hypervisor detected: KVM
[    0.000000] e820: last_pfn = 0x7fff0 max_arch_pfn = 0x400000000
[    0.000000] MTRR: Disabled
[    0.000000] x86/PAT: MTRRs disabled, skipping PAT initialization too.
[    0.000000] CPU MTRRs all blank - virtualized system.
[    0.000000] x86/PAT: Configuration [0-7]: WB  WT  UC- UC  WB  WT  UC- UC  
[    0.000000] found SMP MP-table at [mem 0x0009fff0-0x0009ffff]
[    0.000000] Scanning 1 areas for low memory corruption
[    0.000000] RAMDISK: [mem 0x359cb000-0x36cdcfff]
[    0.000000] ACPI: Early table checksum verification disabled
[    0.000000] ACPI: RSDP 0x00000000000E0000 000024 (v02 VBOX  )
[    0.000000] ACPI: XSDT 0x000000007FFF0030 00003C (v01 VBOX   VBOXXSDT 00000001 ASL  00000061)
[    0.000000] ACPI: FACP 0x000000007FFF00F0 0000F4 (v04 VBOX   VBOXFACP 00000001 ASL  00000061)
[    0.000000] ACPI: DSDT 0x000000007FFF0470 002325 (v02 VBOX   VBOXBIOS 00000002 INTL 20100528)
[    0.000000] ACPI: FACS 0x000000007FFF0200 000040
[    0.000000] ACPI: FACS 0x000000007FFF0200 000040
[    0.000000] ACPI: APIC 0x000000007FFF0240 00005C (v02 VBOX   VBOXAPIC 00000001 ASL  00000061)
[    0.000000] ACPI: SSDT 0x000000007FFF02A0 0001CC (v01 VBOX   VBOXCPUT 00000002 INTL 20100528)
[    0.000000] ACPI: Reserving FACP table memory at [mem 0x7fff00f0-0x7fff01e3]
[    0.000000] ACPI: Reserving DSDT table memory at [mem 0x7fff0470-0x7fff2794]
[    0.000000] ACPI: Reserving FACS table memory at [mem 0x7fff0200-0x7fff023f]
[    0.000000] ACPI: Reserving FACS table memory at [mem 0x7fff0200-0x7fff023f]
[    0.000000] ACPI: Reserving APIC table memory at [mem 0x7fff0240-0x7fff029b]
[    0.000000] ACPI: Reserving SSDT table memory at [mem 0x7fff02a0-0x7fff046b]
[    0.000000] No NUMA configuration found
[    0.000000] Faking a node at [mem 0x0000000000000000-0x000000007ffeffff]
[    0.000000] NODE_DATA(0) allocated [mem 0x7ffc5000-0x7ffeffff]
[    0.000000] kvm-clock: cpu 0, msr 0:7ff44001, primary cpu clock
[    0.000000] kvm-clock: Using msrs 4b564d01 and 4b564d00
[    0.000000] kvm-clock: using sched offset of 3542562677 cycles
[    0.000000] clocksource: kvm-clock: mask: 0xffffffffffffffff max_cycles: 0x1cd42e4dffb, max_idle_ns: 881590591483 ns
[    0.000000] Zone ranges:
[    0.000000]   DMA      [mem 0x0000000000001000-0x0000000000ffffff]
[    0.000000]   DMA32    [mem 0x0000000001000000-0x000000007ffeffff]
[    0.000000]   Normal   empty
[    0.000000]   Device   empty
[    0.000000] Movable zone start for each node
[    0.000000] Early memory node ranges
[    0.000000]   node   0: [mem 0x0000000000001000-0x000000000009efff]
[    0.000000]   node   0: [mem 0x0000000000100000-0x000000007ffeffff]
[    0.000000] Reserved but unavailable: 104 pages
[    0.000000] Initmem setup node 0 [mem 0x0000000000001000-0x000000007ffeffff]
[    0.000000] ACPI: PM-Timer IO Port: 0x4008
[    0.000000] IOAPIC[0]: apic_id 2, version 32, address 0xfec00000, GSI 0-23
[    0.000000] ACPI: INT_SRC_OVR (bus 0 bus_irq 0 global_irq 2 dfl dfl)
[    0.000000] ACPI: INT_SRC_OVR (bus 0 bus_irq 9 global_irq 9 low level)
[    0.000000] Using ACPI (MADT) for SMP configuration information
[    0.000000] smpboot: Allowing 2 CPUs, 0 hotplug CPUs
[    0.000000] PM: Registered nosave memory: [mem 0x00000000-0x00000fff]
[    0.000000] PM: Registered nosave memory: [mem 0x0009f000-0x0009ffff]
[    0.000000] PM: Registered nosave memory: [mem 0x000a0000-0x000effff]
[    0.000000] PM: Registered nosave memory: [mem 0x000f0000-0x000fffff]
[    0.000000] e820: [mem 0x80000000-0xfebfffff] available for PCI devices
[    0.000000] Booting paravirtualized kernel on KVM
[    0.000000] clocksource: refined-jiffies: mask: 0xffffffff max_cycles: 0xffffffff, max_idle_ns: 7645519600211568 ns
[    0.000000] setup_percpu: NR_CPUS:8192 nr_cpumask_bits:2 nr_cpu_ids:2 nr_node_ids:1
[    0.000000] percpu: Embedded 50 pages/cpu s167936 r8192 d28672 u1048576
[    0.000000] PV qspinlock hash table entries: 256 (order: 0, 4096 bytes)
[    0.000000] Built 1 zonelists, mobility grouping on.  Total pages: 515961
[    0.000000] Policy zone: DMA32
[    0.000000] Kernel command line: BOOT_IMAGE=/boot/vmlinuz-4.15.0-194-generic root=LABEL=cloudimg-rootfs ro console=tty1 console=ttyS0
[    0.000000] Memory: 2014844K/2096696K available (12300K kernel code, 2477K rwdata, 4320K rodata, 2472K init, 2720K bss, 81852K reserved, 0K cma-reserved)
[    0.000000] SLUB: HWalign=64, Order=0-3, MinObjects=0, CPUs=2, Nodes=1
[    0.000000] Kernel/User page tables isolation: enabled
[    0.000000] ftrace: allocating 39477 entries in 155 pages
[    0.004000] Hierarchical RCU implementation.
[    0.004000] 	RCU restricting CPUs from NR_CPUS=8192 to nr_cpu_ids=2.
[    0.004000] 	Tasks RCU enabled.
[    0.004000] RCU: Adjusting geometry for rcu_fanout_leaf=16, nr_cpu_ids=2
[    0.004000] NR_IRQS: 524544, nr_irqs: 440, preallocated irqs: 16
[    0.004000] random: crng init done
[    0.004000] Console: colour VGA+ 80x25
[    0.004000] console [tty1] enabled
[    0.004000] console [ttyS0] enabled
[    0.004000] ACPI: Core revision 20170831
[    0.004000] ACPI: 2 ACPI AML tables successfully acquired and loaded
[    0.004000] APIC: Switch to symmetric I/O mode setup
[    0.004000] x2apic enabled
[    0.004000] Switched APIC routing to physical x2apic.
[    0.004000] ..TIMER: vector=0x30 apic1=0 pin1=2 apic2=-1 pin2=-1
[    0.004004] tsc: Detected 2592.000 MHz processor
[    0.004802] Calibrating delay loop (skipped) preset value.. 5184.00 BogoMIPS (lpj=10368000)
[    0.005429] pid_max: default: 32768 minimum: 301
[    0.006249] Security Framework initialized
[    0.008002] Yama: becoming mindful.
[    0.008645] AppArmor: AppArmor initialized
[    0.012083] Dentry cache hash table entries: 262144 (order: 9, 2097152 bytes)
[    0.016003] Inode-cache hash table entries: 131072 (order: 8, 1048576 bytes)
[    0.017150] Mount-cache hash table entries: 4096 (order: 3, 32768 bytes)
[    0.018247] Mountpoint-cache hash table entries: 4096 (order: 3, 32768 bytes)
[    0.020307] Last level iTLB entries: 4KB 64, 2MB 8, 4MB 8
[    0.021235] Last level dTLB entries: 4KB 64, 2MB 0, 4MB 0, 1GB 4
[    0.022255] Spectre V1 : Mitigation: usercopy/swapgs barriers and __user pointer sanitization
[    0.023750] Spectre V2 : Mitigation: Retpolines
[    0.024002] Spectre V2 : Spectre v2 / SpectreRSB mitigation: Filling RSB on context switch
[    0.025474] Speculative Store Bypass: Vulnerable
[    0.026355] MDS: Mitigation: Clear CPU buffers
[    0.027112] MMIO Stale Data: Mitigation: Clear CPU buffers
[    0.028002] SRBDS: Unknown: Dependent on hypervisor status
[    0.029082] Freeing SMP alternatives memory: 36K
[    0.140359] smpboot: CPU0: Intel(R) Core(TM) i7-9750H CPU @ 2.60GHz (family: 0x6, model: 0x9e, stepping: 0xa)
[    0.142194] Performance Events: unsupported p6 CPU model 158 no PMU driver, software events only.
[    0.143877] Hierarchical SRCU implementation.
[    0.144438] NMI watchdog: Perf event create on CPU 0 failed with -2
[    0.145508] NMI watchdog: Perf NMI watchdog permanently disabled
[    0.146649] smp: Bringing up secondary CPUs ...
[    0.147523] x86: Booting SMP configuration:
[    0.148002] .... node  #0, CPUs:      #1
[    0.004000] kvm-clock: cpu 1, msr 0:7ff44041, secondary cpu clock
[    0.152015] smp: Brought up 1 node, 2 CPUs
[    0.152838] smpboot: Max logical packages: 1
[    0.153617] smpboot: Total of 2 processors activated (10368.00 BogoMIPS)
[    0.154992] devtmpfs: initialized
[    0.156050] x86/mm: Memory block size: 128MB
[    0.157117] evm: security.selinux
[    0.157770] evm: security.SMACK64
[    0.158416] evm: security.SMACK64EXEC
[    0.159119] evm: security.SMACK64TRANSMUTE
[    0.159883] evm: security.SMACK64MMAP
[    0.160003] evm: security.apparmor
[    0.160712] evm: security.ima
[    0.161288] evm: security.capability
[    0.162055] clocksource: jiffies: mask: 0xffffffff max_cycles: 0xffffffff, max_idle_ns: 7645041785100000 ns
[    0.164007] futex hash table entries: 512 (order: 3, 32768 bytes)
[    0.165228] pinctrl core: initialized pinctrl subsystem
[    0.166251] RTC time: 23:56:30, date: 10/26/22
[    0.168081] NET: Registered protocol family 16
[    0.169023] audit: initializing netlink subsys (disabled)
[    0.170080] audit: type=2000 audit(1666828596.135:1): state=initialized audit_enabled=0 res=1
[    0.170080] cpuidle: using governor ladder
[    0.172007] cpuidle: using governor menu
[    0.172828] ACPI: bus type PCI registered
[    0.173584] acpiphp: ACPI Hot Plug PCI Controller Driver version: 0.5
[    0.174759] PCI: Using configuration type 1 for base access
[    0.180011] HugeTLB registered 2.00 MiB page size, pre-allocated 0 pages
[    0.181268] ACPI: Added _OSI(Module Device)
[    0.181268] ACPI: Added _OSI(Processor Device)
[    0.181756] ACPI: Added _OSI(3.0 _SCP Extensions)
[    0.182613] ACPI: Added _OSI(Processor Aggregator Device)
[    0.184007] ACPI: Added _OSI(Linux-Dell-Video)
[    0.184834] ACPI: Added _OSI(Linux-Lenovo-NV-HDMI-Audio)
[    0.185972] ACPI: Added _OSI(Linux-HPI-Hybrid-Graphics)
[    0.188378] ACPI: Executed 1 blocks of module-level executable AML code
[    0.193514] ACPI: Interpreter enabled
[    0.194241] ACPI: (supports S0 S5)
[    0.194889] ACPI: Using IOAPIC for interrupt routing
[    0.195992] PCI: Using host bridge windows from ACPI; if necessary, use "pci=nocrs" and report a bug
[    0.196155] ACPI: Enabled 2 GPEs in block 00 to 07
[    0.204433] ACPI: PCI Root Bridge [PCI0] (domain 0000 [bus 00-ff])
[    0.205513] acpi PNP0A03:00: _OSC: OS supports [ASPM ClockPM Segments MSI]
[    0.207189] acpi PNP0A03:00: _OSC: not requesting OS control; OS requires [ExtendedConfig ASPM ClockPM MSI]
[    0.208010] acpi PNP0A03:00: fail to add MMCONFIG information, can't access extended PCI configuration space under this bridge.
[    0.210282] PCI host bridge to bus 0000:00
[    0.212003] pci_bus 0000:00: root bus resource [io  0x0000-0x0cf7 window]
[    0.213178] pci_bus 0000:00: root bus resource [io  0x0d00-0xffff window]
[    0.214338] pci_bus 0000:00: root bus resource [mem 0x000a0000-0x000bffff window]
[    0.216002] pci_bus 0000:00: root bus resource [mem 0x80000000-0xfdffffff window]
[    0.217332] pci_bus 0000:00: root bus resource [bus 00-ff]
[    0.221298] pci 0000:00:01.1: legacy IDE quirk: reg 0x10: [io  0x01f0-0x01f7]
[    0.222606] pci 0000:00:01.1: legacy IDE quirk: reg 0x14: [io  0x03f6]
[    0.223811] pci 0000:00:01.1: legacy IDE quirk: reg 0x18: [io  0x0170-0x0177]
[    0.224002] pci 0000:00:01.1: legacy IDE quirk: reg 0x1c: [io  0x0376]
[    0.241181] pci 0000:00:07.0: quirk: [io  0x4000-0x403f] claimed by PIIX4 ACPI
[    0.242520] pci 0000:00:07.0: quirk: [io  0x4100-0x410f] claimed by PIIX4 SMB
[    0.253836] ACPI: PCI Interrupt Link [LNKA] (IRQs 5 9 10 *11)
[    0.255195] ACPI: PCI Interrupt Link [LNKB] (IRQs 5 9 *10 11)
[    0.256123] ACPI: PCI Interrupt Link [LNKC] (IRQs 5 *9 10 11)
[    0.257299] ACPI: PCI Interrupt Link [LNKD] (IRQs 5 9 10 *11)
[    0.258663] SCSI subsystem initialized
[    0.259408] pci 0000:00:02.0: vgaarb: setting as boot VGA device
[    0.259408] pci 0000:00:02.0: vgaarb: VGA device added: decodes=io+mem,owns=io+mem,locks=none
[    0.260004] pci 0000:00:02.0: vgaarb: bridge control possible
[    0.261102] vgaarb: loaded
[    0.261743] ACPI: bus type USB registered
[    0.264022] usbcore: registered new interface driver usbfs
[    0.265057] usbcore: registered new interface driver hub
[    0.265985] usbcore: registered new device driver usb
[    0.266926] EDAC MC: Ver: 3.0.0
[    0.268217] PCI: Using ACPI for IRQ routing
[    0.269069] NetLabel: Initializing
[    0.269758] NetLabel:  domain hash size = 128
[    0.270585] NetLabel:  protocols = UNLABELED CIPSOv4 CALIPSO
[    0.272025] NetLabel:  unlabeled traffic allowed by default
[    0.273038] clocksource: Switched to clocksource kvm-clock
[    0.287916] VFS: Disk quotas dquot_6.6.0
[    0.288704] VFS: Dquot-cache hash table entries: 512 (order 0, 4096 bytes)
[    0.289982] AppArmor: AppArmor Filesystem Enabled
[    0.290882] pnp: PnP ACPI init
[    0.292494] pnp: PnP ACPI: found 3 devices
[    0.301360] clocksource: acpi_pm: mask: 0xffffff max_cycles: 0xffffff, max_idle_ns: 2085701024 ns
[    0.303044] NET: Registered protocol family 2
[    0.303916] IP idents hash table entries: 32768 (order: 6, 262144 bytes)
[    0.305439] TCP established hash table entries: 16384 (order: 5, 131072 bytes)
[    0.306811] TCP bind hash table entries: 16384 (order: 6, 262144 bytes)
[    0.309212] TCP: Hash tables configured (established 16384 bind 16384)
[    0.311597] UDP hash table entries: 1024 (order: 3, 32768 bytes)
[    0.312682] UDP-Lite hash table entries: 1024 (order: 3, 32768 bytes)
[    0.313858] NET: Registered protocol family 1
[    0.314677] pci 0000:00:00.0: Limiting direct PCI/PCI transfers
[    0.315825] pci 0000:00:01.0: Activating ISA DMA hang workarounds
[    0.316992] pci 0000:00:02.0: Video device with shadowed ROM at [mem 0x000c0000-0x000dffff]
[    0.318644] Unpacking initramfs...
[    0.590982] Freeing initrd memory: 19528K
[    0.591900] clocksource: tsc: mask: 0xffffffffffffffff max_cycles: 0x255cb6cc5db, max_idle_ns: 440795203504 ns
[    0.593760] platform rtc_cmos: registered platform RTC device (no PNP device found)
[    0.595330] Scanning for low memory corruption every 60 seconds
[    0.599842] Initialise system trusted keyrings
[    0.600774] Key type blacklist registered
[    0.601642] workingset: timestamp_bits=36 max_order=19 bucket_order=0
[    0.603637] zbud: loaded
[    0.604624] squashfs: version 4.0 (2009/01/31) Phillip Lougher
[    0.606002] fuse init (API version 7.26)
[    0.609391] Key type asymmetric registered
[    0.610157] Asymmetric key parser 'x509' registered
[    0.611130] Block layer SCSI generic (bsg) driver version 0.4 loaded (major 246)
[    0.612982] io scheduler noop registered
[    0.613787] io scheduler deadline registered
[    0.614666] io scheduler cfq registered (default)
[    0.615850] ACPI: AC Adapter [AC] (on-line)
[    0.616923] input: Power Button as /devices/LNXSYSTM:00/LNXPWRBN:00/input/input0
[    0.618492] ACPI: Power Button [PWRF]
[    0.619354] input: Sleep Button as /devices/LNXSYSTM:00/LNXSLPBN:00/input/input1
[    0.620825] ACPI: Sleep Button [SLPF]
[    0.622686] ACPI: Battery Slot [BAT0] (battery present)
[    0.623809] Serial: 8250/16550 driver, 32 ports, IRQ sharing enabled
[    0.645766] 00:02: ttyS0 at I/O 0x3f8 (irq = 4, base_baud = 115200) is a 16550A
[    0.650777] Linux agpgart interface v0.103
[    0.653208] loop: module loaded
[    0.654603] scsi host0: ata_piix
[    0.655486] scsi host1: ata_piix
[    0.656146] ata1: PATA max UDMA/33 cmd 0x1f0 ctl 0x3f6 bmdma 0xd000 irq 14
[    0.657431] ata2: PATA max UDMA/33 cmd 0x170 ctl 0x376 bmdma 0xd008 irq 15
[    0.658741] tun: Universal TUN/TAP device driver, 1.6
[    0.659915] PPP generic driver version 2.4.2
[    0.660909] ehci_hcd: USB 2.0 'Enhanced' Host Controller (EHCI) Driver
[    0.662016] ehci-pci: EHCI PCI platform driver
[    0.662887] ehci-platform: EHCI generic platform driver
[    0.663992] ohci_hcd: USB 1.1 'Open' Host Controller (OHCI) Driver
[    0.665235] ohci-pci: OHCI PCI platform driver
[    0.666159] ohci-platform: OHCI generic platform driver
[    0.667334] uhci_hcd: USB Universal Host Controller Interface driver
[    0.668815] i8042: PNP: PS/2 Controller [PNP0303:PS2K,PNP0f03:PS2M] at 0x60,0x64 irq 1,12
[    0.671182] serio: i8042 KBD port at 0x60,0x64 irq 1
[    0.672542] serio: i8042 AUX port at 0x60,0x64 irq 12
[    0.674027] mousedev: PS/2 mouse device common for all mice
[    0.675528] input: AT Translated Set 2 keyboard as /devices/platform/i8042/serio0/input/input2
[    0.676122] rtc_cmos rtc_cmos: rtc core: registered rtc_cmos as rtc0
[    0.678854] rtc_cmos rtc_cmos: alarms up to one day, 114 bytes nvram
[    0.680026] i2c /dev entries driver
[    0.681097] device-mapper: uevent: version 1.0.3
[    0.682152] device-mapper: ioctl: 4.37.0-ioctl (2017-09-20) initialised: dm-devel@redhat.com
[    0.683745] ledtrig-cpu: registered to indicate activity on CPUs
[    0.685741] NET: Registered protocol family 10
[    0.689956] Segment Routing with IPv6
[    0.690672] NET: Registered protocol family 17
[    0.691627] Key type dns_resolver registered
[    0.692618] mce: Using 0 MCE banks
[    0.693309] RAS: Correctable Errors collector initialized.
[    0.694337] sched_clock: Marking stable (692565710, 0)->(893205215, -200639505)
[    0.695890] registered taskstats version 1
[    0.696758] Loading compiled-in X.509 certificates
[    0.699629] Loaded X.509 cert 'Build time autogenerated kernel key: 6303a3b02fa1c7713b8a75ba7ba622fabd5dd271'
[    0.701870] Loaded X.509 cert 'Canonical Ltd. Live Patch Signing: 14df34d1a87cf37625abec039ef2bf521249b969'
[    0.704224] Loaded X.509 cert 'Canonical Ltd. Kernel Module Signing: 88f752e560a1e0737e31163a466ad7b70a850c19'
[    0.706039] blacklist: Loading compiled-in revocation X.509 certificates
[    0.707228] Loaded X.509 cert 'Canonical Ltd. Secure Boot Signing: 61482aa2830d0ab2ad5af10b7250da9033ddcef0'
[    0.709006] zswap: loaded using pool lzo/zbud
[    0.713120] Key type big_key registered
[    0.713870] Key type trusted registered
[    0.716129] Key type encrypted registered
[    0.716883] AppArmor: AppArmor sha1 policy hashing enabled
[    0.717860] ima: No TPM chip found, activating TPM-bypass! (rc=-19)
[    0.718949] ima: Allocated hash algorithm: sha1
[    0.719794] evm: HMAC attrs: 0x1
[    0.720736]   Magic number: 10:312:960
[    0.721466] memory memory11: hash matches
[    0.722323] rtc_cmos rtc_cmos: setting system clock to 2022-10-26 23:56:31 UTC (1666828591)
[    0.724085] BIOS EDD facility v0.16 2004-Jun-25, 0 devices found
[    0.725186] EDD information not available.
[    0.885698] Freeing unused kernel image memory: 2472K
[    0.900649] Write protecting the kernel read-only data: 20480k
[    0.902157] Freeing unused kernel image memory: 2008K
[    0.904024] Freeing unused kernel image memory: 1824K
[    0.912631] x86/mm: Checked W+X mappings: passed, no W+X pages found.
[    0.913883] x86/mm: Checking user space page tables
[    0.922566] x86/mm: Checked W+X mappings: passed, no W+X pages found.
Loading, please wait...
starting version 237
[    0.986570] e1000: Intel(R) PRO/1000 Network Driver - version 7.3.21-k8-NAPI
[    0.987932] e1000: Copyright (c) 1999-2006 Intel Corporation.
[    0.990476] Fusion MPT base driver 3.04.20
[    0.991256] Copyright (c) 1999-2008 LSI Corporation
[    1.005646] AVX2 version of gcm_enc/dec engaged.
[    1.006529] AES CTR mode by8 optimization enabled
[    1.010746] Fusion MPT SPI Host driver 3.04.20
[    1.202944] input: ImExPS/2 Generic Explorer Mouse as /devices/platform/i8042/serio1/input/input4
[    1.397759] e1000 0000:00:03.0 eth0: (PCI:33MHz:32-bit) 02:ff:f0:2c:60:7b
[    1.399005] e1000 0000:00:03.0 eth0: Intel(R) PRO/1000 Network Connection
[    1.797932] e1000 0000:00:08.0 eth1: (PCI:33MHz:32-bit) 08:00:27:4d:92:fe
[    1.799249] e1000 0000:00:08.0 eth1: Intel(R) PRO/1000 Network Connection
[    1.801513] e1000 0000:00:08.0 enp0s8: renamed from eth1
[    1.804197] mptbase: ioc0: Initiating bringup
[    1.817481] e1000 0000:00:03.0 enp0s3: renamed from eth0
[    2.412476] ioc0: LSI53C1030 A0: Capabilities={Initiator}
[    4.278926] scsi host2: ioc0: LSI53C1030 A0, FwRev=00000000h, Ports=1, MaxQ=256, IRQ=20
[    5.624423] scsi 2:0:0:0: Direct-Access     VBOX     HARDDISK         1.0  PQ: 0 ANSI: 5
[    5.659624] scsi target2:0:0: Beginning Domain Validation
[    5.662697] scsi target2:0:0: Domain Validation skipping write tests
[    5.663849] scsi target2:0:0: Ending Domain Validation
[    5.664904] scsi target2:0:0: asynchronous
[    5.665950] scsi 2:0:1:0: Direct-Access     VBOX     HARDDISK         1.0  PQ: 0 ANSI: 5
[    6.253619] scsi target2:0:1: Beginning Domain Validation
[    6.263662] scsi target2:0:1: Domain Validation skipping write tests
[    6.272725] scsi target2:0:1: Ending Domain Validation
[    6.275884] scsi target2:0:1: asynchronous
[    6.285348] sd 2:0:0:0: Attached scsi generic sg0 type 0
[    6.286691] sd 2:0:1:0: Attached scsi generic sg1 type 0
[    6.287939] sd 2:0:0:0: [sda] 83886080 512-byte logical blocks: (42.9 GB/40.0 GiB)
[    6.289325] sd 2:0:1:0: [sdb] 20480 512-byte logical blocks: (10.5 MB/10.0 MiB)
[    6.290622] sd 2:0:0:0: [sda] Write Protect is off
[    6.291506] sd 2:0:1:0: [sdb] Write Protect is off
[    6.292580] sd 2:0:0:0: [sda] Incomplete mode parameter data
[    6.293579] sd 2:0:0:0: [sda] Assuming drive cache: write through
[    6.294774] sd 2:0:1:0: [sdb] Incomplete mode parameter data
[    6.295829] sd 2:0:1:0: [sdb] Assuming drive cache: write through
[    6.300726]  sda: sda1
[    6.302792] sd 2:0:1:0: [sdb] Attached SCSI disk
[    6.303724] sd 2:0:0:0: [sda] Attached SCSI disk
Begin: Loading essential drivers ... [    7.832028] raid6: sse2x1   gen() 12723 MB/s
[    7.880090] raid6: sse2x1   xor()  9110 MB/s
[    7.928074] raid6: sse2x2   gen() 14487 MB/s
[    7.976119] raid6: sse2x2   xor() 11236 MB/s
[    8.024096] raid6: sse2x4   gen() 19379 MB/s
[    8.072066] raid6: sse2x4   xor() 11825 MB/s
[    8.120074] raid6: avx2x1   gen() 27459 MB/s
[    8.168087] raid6: avx2x1   xor() 16647 MB/s
[    8.216099] raid6: avx2x2   gen() 30070 MB/s
[    8.264080] raid6: avx2x2   xor() 19878 MB/s
[    8.312114] raid6: avx2x4   gen() 37486 MB/s
[    8.360018] raid6: avx2x4   xor() 19801 MB/s
[    8.360990] raid6: using algorithm avx2x4 gen() 37486 MB/s
[    8.362397] raid6: .... xor() 19801 MB/s, rmw enabled
[    8.363895] raid6: using avx2x2 recovery algorithm
[    8.366969] xor: automatically using best checksumming function   avx       
[    8.369473] async_tx: api initialized (async)
done.
Begin: Running /scripts/init-premount ... done.
Begin: Mounting root file system ... Begin: Running /scripts/local-top ... done.
Begin: Running /scripts/local-premount ... [    8.409749] Btrfs loaded, crc32c=crc32c-intel
Scanning for Btrfs filesystems
done.
Warning: fsck not present, so skipping root file system
[    8.439095] EXT4-fs (sda1): mounted filesystem with ordered data mode. Opts: (null)
done.
Begin: Running /scripts/local-bottom ... done.
Begin: Running /scripts/init-bottom ... done.
[    8.607724] ip_tables: (C) 2000-2006 Netfilter Core Team
[    8.618605] systemd[1]: systemd 237 running in system mode. (+PAM +AUDIT +SELINUX +IMA +APPARMOR +SMACK +SYSVINIT +UTMP +LIBCRYPTSETUP +GCRYPT +GNUTLS +ACL +XZ +LZ4 +SECCOMP +BLKID +ELFUTILS +KMOD -IDN2 +IDN -PCRE2 default-hierarchy=hybrid)
[    8.622698] systemd[1]: Detected virtualization oracle.
[    8.623801] systemd[1]: Detected architecture x86-64.

Welcome to [1mUbuntu 18.04.6 LTS[0m!

[    8.630664] systemd[1]: Set hostname to <ubuntu>.
[    8.634810] systemd[1]: Initializing machine ID from random generator.
[    8.635984] systemd[1]: Installed transient /etc/machine-id file.
[    8.876495] systemd[1]: Set up automount Arbitrary Executable File Formats File System Automount Point.
[[0;32m  OK  [0m] Set up automount Arbitrary Executab…rmats File System Automount Point.
[    8.889392] systemd[1]: Created slice System Slice.
[[0;32m  OK  [0m] Created slice System Slice.
[    8.901222] systemd[1]: Created slice system-serial\x2dgetty.slice.
[[0;32m  OK  [0m] Created slice system-serial\x2dgetty.slice.
[    8.903581] systemd[1]: Listening on LVM2 metadata daemon socket.
[[0;32m  OK  [0m] Listening on LVM2 metadata daemon socket.
[[0;32m  OK  [0m] Listening on LVM2 poll daemon socket.
[[0;32m  OK  [0m] Listening on Device-mapper event daemon FIFOs.
[[0;32m  OK  [0m] Listening on Journal Audit Socket.
[[0;32m  OK  [0m] Listening on udev Control Socket.
[[0;32m  OK  [0m] Listening on Journal Socket.
         Mounting Kernel Debug File System...
         Starting Uncomplicated firewall...
         Starting Set the console keyboard layout...
         Mounting Huge Pages File System...
         Starting Load Kernel Modules...
[[0;32m  OK  [0m] Listening on /dev/initctl Compatibility Named Pipe.
[[0;32m  OK  [0m] Reached target User and Group Name Lookups.
[[0;32m  OK  [0m] Reached target System Time Synchronized.
[[0;32m  OK  [0m] Listening on Network Service Netlink Socket.
[[0;32m  OK  [0m] Listening on udev Kernel Socket.
         Starting udev Coldplug all Devices...
         Starting Create list of required st…ce nodes for the current kernel...
[    9.275896] Loading iSCSI transport class v2.0-870.
[[0;32m  OK  [0m] Listening on Syslog Socket.
[[0;32m  OK  [0m] Listening on Journal Socket (/dev/log).
[    9.282619] iscsi: registered transport (tcp)
         Starting Journal Service...
[[0;32m  OK  [0m] Started Forward Password Requests to Wall Directory Watch.
[[0;32m  OK  [0m] Listening on fsck to fsckd communication Socket.
         Starting File System Check on Root Device...
[[0;32m  OK  [0m] Reached target Swap.
         Starting Monitoring of LVM2 mirrors…ng dmeventd or progress polling...
[[0;32m  OK  [0m] Created slice User and Session Slice.
[[0;32m  OK  [0m] Reached target Slices.
         Mounting POSIX Message Queue File System...
[    9.336055] iscsi: registered transport (iser)
[[0;32m  OK  [0m] Mounted Kernel Debug File System.
[[0;32m  OK  [0m] Started Journal Service.
[[0;32m  OK  [0m] Started Uncomplicated firewall.
[[0;32m  OK  [0m] Mounted Huge Pages File System.
[[0;32m  OK  [0m] Started Load Kernel Modules.
[[0;32m  OK  [0m] Started Create list of required sta…vice nodes for the current kernel.
[[0;32m  OK  [0m] Mounted POSIX Message Queue File System.
[[0;32m  OK  [0m] Started LVM2 metadata daemon.
[[0;32m  OK  [0m] Started File System Check Daemon to report status.
         Starting Create Static Device Nodes in /dev...
         Mounting Kernel Configuration File System...
         Mounting FUSE Control File System...
         Starting Apply Kernel Variables...
[[0;32m  OK  [0m] Mounted Kernel Configuration File System.
[[0;32m  OK  [0m] Mounted FUSE Control File System.
[[0;32m  OK  [0m] Started udev Coldplug all Devices.
[[0;32m  OK  [0m] Started Create Static Device Nodes in /dev.
[[0;32m  OK  [0m] Started File System Check on Root Device.
         Starting Remount Root and Kernel File Systems...
[[0;32m  OK  [0m] Started Monitoring of LVM2 mirrors,…sing dmeventd or progress polling.
[[0;32m  OK  [0m] Started Apply Kernel Variables.
[[0;32m  OK  [0m] Started Remount Root and Kernel File Systems.
         Starting Load/Save Random Seed...
         Starting udev Kernel Device Manager...
         Starting Flush Journal to Persistent Storage...
[[0;32m  OK  [0m] Started Load/Save Random Seed.
[[0;32m  OK  [0m] Started udev Kernel Device Manager.
[[0;32m  OK  [0m] Started Flush Journal to Persistent Storage.
[[0;32m  OK  [0m] Found device /dev/ttyS0.
[[0;32m  OK  [0m] Listening on Load/Save RF Kill Switch Status /dev/rfkill Watch.
         Mounting Arbitrary Executable File Formats File System...
[[0;32m  OK  [0m] Mounted Arbitrary Executable File Formats File System.
[[0;32m  OK  [0m] Started Set the console keyboard layout.
[[0;32m  OK  [0m] Started Dispatch Password Requests to Console Directory Watch.
[[0;32m  OK  [0m] Reached target Local Encrypted Volumes.
[[0;32m  OK  [0m] Reached target Local File Systems (Pre).
[[0;32m  OK  [0m] Reached target Local File Systems.
         Starting Create Volatile Files and Directories...
         Starting ebtables ruleset management...
         Starting Tell Plymouth To Write Out Runtime Data...
         Starting Commit a transient machine-id on disk...
         Starting AppArmor initialization...
         Starting Set console font and keymap...
[[0;32m  OK  [0m] Started Tell Plymouth To Write Out Runtime Data.
[[0;32m  OK  [0m] Started Create Volatile Files and Directories.
         Starting Update UTMP about System Boot/Shutdown...
[[0;32m  OK  [0m] Started Set console font and keymap.
[[0;32m  OK  [0m] Started Update UTMP about System Boot/Shutdown.
[[0;32m  OK  [0m] Started Commit a transient machine-id on disk.
[[0;32m  OK  [0m] Started ebtables ruleset management.
[[0;32m  OK  [0m] Started AppArmor initialization.
         Starting Load AppArmor profiles managed internally by snapd...
         Starting Initial cloud-init job (pre-networking)...
[[0;32m  OK  [0m] Started Load AppArmor profiles managed internally by snapd.
[   13.216424] cloud-init[707]: Cloud-init v. 22.3.4-0ubuntu1~18.04.1 running 'init-local' at Wed, 26 Oct 2022 23:56:43 +0000. Up 12.75 seconds.
[[0;32m  OK  [0m] Started Initial cloud-init job (pre-networking).
[[0;32m  OK  [0m] Reached target Network (Pre).
         Starting Network Service...
[[0;32m  OK  [0m] Started Network Service.
         Starting Network Name Resolution...
         Starting Wait for Network to be Configured...
[[0;32m  OK  [0m] Started Network Name Resolution.
[[0;32m  OK  [0m] Reached target Network.
[[0;32m  OK  [0m] Reached target Host and Network Name Lookups.
[[0;32m  OK  [0m] Started Wait for Network to be Configured.
         Starting Initial cloud-init job (metadata service crawler)...
[   15.158074] cloud-init[836]: Cloud-init v. 22.3.4-0ubuntu1~18.04.1 running 'init' at Wed, 26 Oct 2022 23:56:45 +0000. Up 14.97 seconds.
[   15.160158] cloud-init[836]: ci-info: ++++++++++++++++++++++++++++++++++++++Net device info+++++++++++++++++++++++++++++++++++++++
[   15.161144] cloud-init[836]: ci-info: +--------+-------+----------------------------+---------------+--------+-------------------+
[   15.162124] cloud-init[836]: ci-info: | Device |   Up  |          Address           |      Mask     | Scope  |     Hw-Address    |
[   15.163354] cloud-init[836]: ci-info: +--------+-------+----------------------------+---------------+--------+-------------------+
[   15.165525] cloud-init[836]: ci-info: | enp0s3 |  True |         10.0.2.15          | 255.255.255.0 | global | 02:ff:f0:2c:60:7b |
[   15.166746] cloud-init[836]: ci-info: | enp0s3 |  True | fe80::ff:f0ff:fe2c:607b/64 |       .       |  link  | 02:ff:f0:2c:60:7b |
[   15.167642] cloud-init[836]: ci-info: | enp0s8 | False |             .              |       .       |   .    | 08:00:27:4d:92:fe |
[   15.168522] cloud-init[836]: ci-info: |   lo   |  True |         127.0.0.1          |   255.0.0.0   |  host  |         .         |
[   15.169414] cloud-init[836]: ci-info: |   lo   |  True |          ::1/128           |       .       |  host  |         .         |
[   15.170263] cloud-init[836]: ci-info: +--------+-------+----------------------------+---------------+--------+-------------------+
[   15.180447] cloud-init[836]: ci-info: ++++++++++++++++++++++++++++Route IPv4 info+++++++++++++++++++++++++++++
[   15.192230] cloud-init[836]: ci-info: +-------+-------------+----------+-----------------+-----------+-------+
[   15.193027] cloud-init[836]: ci-info: | Route | Destination | Gateway  |     Genmask     | Interface | Flags |
[   15.193895] cloud-init[836]: ci-info: +-------+-------------+----------+-----------------+-----------+-------+
[   15.208191] cloud-init[836]: ci-info: |   0   |   0.0.0.0   | 10.0.2.2 |     0.0.0.0     |   enp0s3  |   UG  |
[   15.220266] cloud-init[836]: ci-info: |   1   |   10.0.2.0  | 0.0.0.0  |  255.255.255.0  |   enp0s3  |   U   |
[   15.221076] cloud-init[836]: ci-info: |   2   |   10.0.2.2  | 0.0.0.0  | 255.255.255.255 |   enp0s3  |   UH  |
[   15.221697] cloud-init[836]: ci-info: +-------+-------------+----------+-----------------+-----------+-------+
[   15.222519] cloud-init[836]: ci-info: +++++++++++++++++++Route IPv6 info+++++++++++++++++++
[   15.223323] cloud-init[836]: ci-info: +-------+-------------+---------+-----------+-------+
[   15.224290] cloud-init[836]: ci-info: | Route | Destination | Gateway | Interface | Flags |
[   15.225226] cloud-init[836]: ci-info: +-------+-------------+---------+-----------+-------+
[   15.226147] cloud-init[836]: ci-info: |   1   |  fe80::/64  |    ::   |   enp0s3  |   U   |
[   15.227090] cloud-init[836]: ci-info: |   3   |    local    |    ::   |   enp0s3  |   U   |
[   15.227940] cloud-init[836]: ci-info: |   4   |   ff00::/8  |    ::   |   enp0s3  |   U   |
[   15.229122] cloud-init[836]: ci-info: +-------+-------------+---------+-----------+-------+
[   16.146154] cloud-init[836]: Generating public/private rsa key pair.
[   16.146805] cloud-init[836]: Your identification has been saved in /etc/ssh/ssh_host_rsa_key.
[   16.147682] cloud-init[836]: Your public key has been saved in /etc/ssh/ssh_host_rsa_key.pub.
[   16.160468] cloud-init[836]: The key fingerprint is:
[   16.160996] cloud-init[836]: SHA256:xXC8sglNvSs+o7MTKHPrbduzW38pDhXd8frs3A2kSE0 root@ubuntu-bionic
[   16.172212] cloud-init[836]: The key's randomart image is:
[   16.184221] cloud-init[836]: +---[RSA 2048]----+
[   16.196220] cloud-init[836]: |        .o.    . |
[[   16.208849] cloud-init[836]: |        .+o  . .o|
[   16.208938] cloud-init[836]: |       o  ooE . o|
[   16.209333] cloud-init[836]: |      . o.oo . . |
[   16.209667] cloud-init[836]: |     . .S+..o o  |
[   16.209951] cloud-init[836]: |  o o . +..o o o |
[   16.210076] cloud-init[836]: |   + . o .+ . ..o|
[   16.210354] cloud-init[836]: |    ..+.=. o. o+o|
[   16.210590] cloud-init[836]: |   ...=*+* .oo  =|
[   16.211000] cloud-init[836]: +----[SHA256]-----+
[   16.211131] cloud-init[836]: Generating public/private dsa key pair.
[   16.211406] cloud-init[836]: Your identification has been saved in /etc/ssh/ssh_host_dsa_key.
[0;32m  OK  [0m] [   16.211791] Started Initial cloud-init job (metadata service crawler).cloud-init
[836]: Your public key has been saved in /etc/ssh/ssh_host_dsa_key.pub.
[   16.215110] cloud-init[836]: The key fingerprint is:
[   16.215263] cloud-init[836]: SHA256:8z6PJ8EPOO9rHGtbELaDm8eoQH0Y/7pE1n2+92UByJI root@ubuntu-bionic
[   16.215624] cloud-init[836]: The key's randomart image is:
[   16.215851] cloud-init[836]: +---[DSA 1024]----+
[   16.216210] cloud-init[836]: |                 |
[   16.216332] cloud-init[836]: |          o .    |
[   16.216462] cloud-init[836]: |      .  Eoo .   |
[   16.216813] cloud-init[836]: |     . + +.+  .  |
[   16.217156] cloud-init[836]: |    . o So= . .. |
[   16.217279] cloud-init[836]: |   .   +oO=o o  .|
[   16.217536] cloud-init[836]: |    .   =+=*. . o|
[   16.217766] cloud-init[836]: |     . o +Ooo  oo|
[   16.218003] cloud-init[836]: |      . o=*B. ..o|
[   16.218107] cloud-init[836]: +----[SHA256]-----+
[   16.218225] cloud-init[836]: Generating public/private ecdsa key pair.
[   16.218562] cloud-init[836]: Your identification has been saved in /etc/ssh/ssh_host_ecdsa_key.
[   16.218716] cloud-init[836]: Your public key has been saved in /etc/ssh/ssh_host_ecdsa_key.pub.
[   16.219040] cloud-init[836]: The key fingerprint is:
[   16.219265] cloud-init[836]: SHA256:zAfRtNcevI98KKAbvQEFDuktY2nf6r7U/l2UYCpOpR0 root@ubuntu-bionic
[   16.219519] cloud-init[836]: The key's randomart image is:
[   16.219738] cloud-init[836]: +---[ECDSA 256]---+
[   16.220134] cloud-init[836]: |      ..oo.      |
[   16.220475] cloud-init[836]: |      .o o.. o   |
[   16.220593] cloud-init[836]: |     . oo oE.o+  |
[   16.220951] cloud-init[836]: |      Bo.o+.+..o.|
[   16.221078] cloud-init[836]: |     o +S=oo  o..|
[   16.221433] cloud-init[836]: |        +*o. . = |
[   16.221785] cloud-init[836]: |        +o+ . + +|
[   16.222016] cloud-init[836]: |       ..+ o o o |
[   16.222142] cloud-init[836]: |       o=.o.. .  |
[   16.222501] cloud-init[836]: +----[SHA256]-----+
[   16.222722] cloud-init[836]: Generating public/private ed25519 key pair.
[   16.222952] cloud-init[836]: Your identification has been saved in /etc/ssh/ssh_host_ed25519_key.
[   16.223299] cloud-init[836]: Your public key has been saved in /etc/ssh/ssh_host_ed25519_key.pub.
[   16.223664] cloud-init[836]: The key fingerprint is:
[   16.223891] cloud-init[836]: SHA256:84F39CQSL8rLR2uHCozOq8b9TNf5k5iQmlJAlRRp0D4 root@ubuntu-bionic
[   16.224246] cloud-init[836]: The key's randomart image is:
[   16.224369] cloud-init[836]: +--[ED25519 256]--+
[   16.224707] cloud-init[836]: |    .=++  .      |
[   16.225055] cloud-init[836]: |    . =    o     |
[   16.225297] cloud-init[836]: |   . o    o + .  |
[   16.225410] cloud-init[836]: |    . E. o + +   |
[   16.225628] cloud-init[836]: |     . .S.+ . .  |
[   16.225748] cloud-init[836]: |     o..oB *     |
[[0;32m  OK  [0m[   16.248972] cloud-init[836]: | . ...+o+.Oo..   |
[   16.249225] cloud-init[836]: |  oooooo +ooo    |
[   16.249395] cloud-init[836]: | ...++o .   ..   |
[   16.249716] cloud-init[836]: +----[SHA256]-----+
] Reached target Cloud-config availability.
[[0;32m  OK  [0m] Reached target Network is Online.
[[0;32m  OK  [0m] Reached target Remote File Systems (Pre).
[[0;32m  OK  [0m] Reached target Remote File Systems.
         Starting Availability of block devices...
[[0;32m  OK  [0m] Reached target System Initialization.
         Starting Socket activation for snappy daemon.
[[0;32m  OK  [0m] Started Ubuntu Advantage Timer for running repeated jobs.
[[0;32m  OK  [0m] Listening on UUID daemon activation socket.
[[0;32m  OK  [0m] Started Daily apt download activities.
[[0;32m  OK  [0m] Started Daily apt upgrade and clean activities.
[[0;32m  OK  [0m] Started Daily Cleanup of Temporary Directories.
[[0;32m  OK  [0m] Started Message of the Day.
[[0;32m  OK  [0m] Listening on ACPID Listen Socket.
[[0;32m  OK  [0m] Started Discard unused blocks once a week.
[[0;32m  OK  [0m] Reached target Timers.
[[0;32m  OK  [0m] Listening on Open-iSCSI iscsid Socket.
[[0;32m  OK  [0m] Listening on D-Bus System Message Bus Socket.
[[0;32m  OK  [0m] Started ACPI Events Check.
[[0;32m  OK  [0m] Reached target Paths.
[[0;32m  OK  [0m] Listening on cloud-init hotplug hook socket.
         Starting LXD - unix socket.
[[0;32m  OK  [0m] Started Availability of block devices.
[[0;32m  OK  [0m] Listening on Socket activation for snappy daemon.
[[0;32m  OK  [0m] Listening on LXD - unix socket.
[[0;32m  OK  [0m] Reached target Sockets.
[[0;32m  OK  [0m] Reached target Basic System.
         Starting Dispatcher daemon for systemd-networkd...
         Starting Pollinate to seed the pseudo random number generator...
[[0;32m  OK  [0m] Reached target Login Prompts (Pre).
[[0;32m  OK  [0m] Started Deferred execution scheduler.
         Starting System Logging Service...
[[0;32m  OK  [0m] Started Regular background program processing daemon.
         Starting Snap Daemon...
         Starting Virtualbox guest utils...
[[0;32m  OK  [0m] Started irqbalance daemon.
         Starting Permit User Sessions...
         Starting LSB: Record successful boot for GRUB...
         Starting Login Service...
         Starting LXD - container startup/shutdown...
[[0;32m  OK  [0m] Started FUSE filesystem for LXC.
         Starting LSB: automatic crash report generation...
[[0;32m  OK  [0m] Started D-Bus System Message Bus.
[[0;32m  OK  [0m] Started Login Service.
[[0;32m  OK  [0m] Started Unattended Upgrades Shutdown.
         Starting Accounts Service...
[[0;32m  OK  [0m] Started System Logging Service.
[[0;32m  OK  [0m] Started Permit User Sessions.
         Starting Terminate Plymouth Boot Screen...
         Starting Hold until boot process finishes up...
[[0;32m  OK  [0m] Started Hold until boot process finishes up.
[[0;32m  OK  [0m] Started Serial Getty on ttyS0.
         Starting Set console scheme...
[[0;32m  OK  [0m] Started Terminate Plymouth Boot Screen.
[[0;32m  OK  [0m] Started Set console scheme.
[[0;32m  OK  [0m] Created slice system-getty.slice.
[[0;32m  OK  [0m] Started Getty on tty1.
[[0;32m  OK  [0m] Reached target Login Prompts.
[[0;32m  OK  [0m] Started LSB: automatic crash report generation.
[[0;32m  OK  [0m] Started LSB: Record successful boot for GRUB.
[[0;32m  OK  [0m] Started Dispatcher daemon for systemd-networkd.
         Starting Authorization Manager...
[[0;32m  OK  [0m] Started Authorization Manager.
[[0;32m  OK  [0m] Started Accounts Service.
[[0;32m  OK  [0m] Started Virtualbox guest utils.
[[0;32m  OK  [0m] Started LXD - container startup/shutdown.
[[0;32m  OK  [0m] Started Snap Daemon.
         Starting Wait until snapd is fully seeded...
         Starting Time & Date Service...
[[0;32m  OK  [0m] Started Time & Date Service.
[[0;32m  OK  [0m] Started Pollinate to seed the pseudo random number generator.
         Starting OpenBSD Secure Shell server...
[[0;32m  OK  [0m] Started OpenBSD Secure Shell server.
[[0;32m  OK  [0m] Created slice User Slice of vagrant.
         Starting User Manager for UID 1000...
[[0;32m  OK  [0m] Started Session 1 of user vagrant.
[[0;32m  OK  [0m] Started User Manager for UID 1000.
[[0;32m  OK  [0m] Started Wait until snapd is fully seeded.
         Starting Apply the settings specified in cloud-config...
[   21.952939] cloud-init[1472]: Cloud-init v. 22.3.4-0ubuntu1~18.04.1 running 'modules:config' at Wed, 26 Oct 2022 23:56:52 +0000. Up 21.45 seconds.
ci-info: no authorized SSH keys fingerprints found for user ubuntu.

Ubuntu 18.04.6 LTS ubuntu-bionic ttyS0

ubuntu-bionic login: <14>Oct 26 23:56:53 cloud-init: #############################################################
<14>Oct 26 23:56:53 cloud-init: -----BEGIN SSH HOST KEY FINGERPRINTS-----
<14>Oct 26 23:56:53 cloud-init: 1024 SHA256:8z6PJ8EPOO9rHGtbELaDm8eoQH0Y/7pE1n2+92UByJI root@ubuntu-bionic (DSA)
<14>Oct 26 23:56:53 cloud-init: 256 SHA256:zAfRtNcevI98KKAbvQEFDuktY2nf6r7U/l2UYCpOpR0 root@ubuntu-bionic (ECDSA)
<14>Oct 26 23:56:53 cloud-init: 256 SHA256:84F39CQSL8rLR2uHCozOq8b9TNf5k5iQmlJAlRRp0D4 root@ubuntu-bionic (ED25519)
<14>Oct 26 23:56:53 cloud-init: 2048 SHA256:xXC8sglNvSs+o7MTKHPrbduzW38pDhXd8frs3A2kSE0 root@ubuntu-bionic (RSA)
<14>Oct 26 23:56:53 cloud-init: -----END SSH HOST KEY FINGERPRINTS-----
<14>Oct 26 23:56:53 cloud-init: #############################################################
-----BEGIN SSH HOST KEY KEYS-----
ecdsa-sha2-nistp256 AAAAE2VjZHNhLXNoYTItbmlzdHAyNTYAAAAIbmlzdHAyNTYAAABBBECN1cGhKL9ZQCWa8tnjJU35DTUK0GMC1pLBQ9X+P9E7EXl81HyL7vVf3uz1d7KKEdkJBSy+Kk2yoEdQquKbccU= root@ubuntu-bionic
ssh-ed25519 AAAAC3NzaC1lZDI1NTE5AAAAIEB39xZkMCmpJqdfMJEFFujISIXSO4y3JeqHA2BhOJGr root@ubuntu-bionic
ssh-rsa AAAAB3NzaC1yc2EAAAADAQABAAABAQDae+68sbI5xLQmvFlxI4cK1xOEE74KLRlNZkMbYoxcusOBo63w2uQIu4SomsCxR3Xt6MLReDJvVwsmQSFK8xiPOxoeCw0lH8zkavxHhxaQTQoj/iRrsOpzpy8GuzAHhYK6/BfgxPQw1mD9/r8mPUX46vdUKDG5Kf7ZZixjJNEIlG7XSVWivufH28Su0NbsqrFBpsnEl1B4OaazqO2BguRDI4WIqBcrROlPCB0pNAYfsIgRD+MWGmQVmB5po682wErm+b13XFp9nMhvvbunLG3cMcNzX4pdFV18B6vgzRzUZhlocKtC5jrkMQC91YIW3szBN8RRYeSNq00lJnp1C3sL root@ubuntu-bionic
-----END SSH HOST KEY KEYS-----
[   22.807442] cloud-init[1591]: Cloud-init v. 22.3.4-0ubuntu1~18.04.1 running 'modules:final' at Wed, 26 Oct 2022 23:56:53 +0000. Up 22.54 seconds.
[   22.808463] cloud-init[1591]: Cloud-init v. 22.3.4-0ubuntu1~18.04.1 finished at Wed, 26 Oct 2022 23:56:53 +0000. Datasource DataSourceNoCloud [seed=/dev/sdb][dsmode=net].  Up 22.79 seconds
